{"name": "test_two", "status": "failed", "statusDetails": {"message": "AssertionError: assert False\n +  where False = hasattr('hello', 'check')", "trace": "self = <test_class.TestClass object at 0x109a41ac0>\n\n    def test_two(self):\n        x = \"hello\";\n>       assert  hasattr(x,\"check\");\nE       AssertionError: assert False\nE        +  where False = hasattr('hello', 'check')\n\ntest_class.py:22: AssertionError"}, "start": 1610631193630, "stop": 1610631193630, "uuid": "d37cb9e4-b534-4d56-9842-0073489c95fb", "historyId": "cca081f1c320efa44fffe5d884236360", "testCaseId": "9e2269e6af13cd7747e18ca37f3d74ba", "fullName": "test_class.TestClass#test_two", "labels": [{"name": "suite", "value": "test_class"}, {"name": "subSuite", "value": "TestClass"}, {"name": "host", "value": "yantianpeng.local"}, {"name": "thread", "value": "28222-MainThread"}, {"name": "framework", "value": "pytest"}, {"name": "language", "value": "cpython3"}, {"name": "package", "value": "test_class"}]}