{"name": "test_01[1]", "status": "failed", "statusDetails": {"message": "AssertionError: assert 3 == 1", "trace": "self = <test_case_04.Test_abc_03 object at 0x10c4d5e50>, before = 1\n\n    def test_01(self,before):\n        print(\"----->>>>我是测试方法<<<<----\");\n>       assert 3 == before;\nE       assert 3 == 1\n\ntest_case_04.py:24: AssertionError"}, "parameters": [{"name": "before", "value": "1"}], "start": 1610630976749, "stop": 1610630976749, "uuid": "d737033b-1bf3-4b15-8068-58c84f2e5348", "historyId": "a97b05a160f1b794b20f95f71298aa3c", "testCaseId": "f7eb19b8d4e9053f77f9cc806fb477e7", "fullName": "test_case_04.Test_abc_03#test_01", "labels": [{"name": "suite", "value": "test_case_04"}, {"name": "subSuite", "value": "Test_abc_03"}, {"name": "host", "value": "yantianpeng.local"}, {"name": "thread", "value": "28074-MainThread"}, {"name": "framework", "value": "pytest"}, {"name": "language", "value": "cpython3"}, {"name": "package", "value": "test_case_04"}]}