{"name": "test_eval[data2]", "status": "failed", "statusDetails": {"message": "AssertionError: assert 54 == 24\n +  where 54 = eval('6*9')", "trace": "data = ('6*9', 24)\n\n    @pytest.mark.parametrize(\"data\",test_data)\n    def test_eval(data):\n>       assert eval(data[0])==data[1];\nE       AssertionError: assert 54 == 24\nE        +  where 54 = eval('6*9')\n\ntest_case_06.py:18: AssertionError"}, "parameters": [{"name": "data", "value": "('6*9', 24)"}], "start": 1610631584673, "stop": 1610631584673, "uuid": "f5df0080-95bf-42af-aa71-34baf6df83be", "historyId": "a2bb4106da6da992adb8ebabfa8fa476", "testCaseId": "85efd62b8c593e58676970e8f5a6c730", "fullName": "test_case_06#test_eval", "labels": [{"name": "suite", "value": "test_case_06"}, {"name": "host", "value": "yantianpeng.local"}, {"name": "thread", "value": "28416-MainThread"}, {"name": "framework", "value": "pytest"}, {"name": "language", "value": "cpython3"}, {"name": "package", "value": "test_case_06"}]}